0 verbose cli C:\Program Files\nodejs\node.exe C:\Program Files\nodejs\node_modules\npm\bin\npm-cli.js
1 info using npm@10.5.0
2 info using node@v20.12.2
3 timing npm:load:whichnode Completed in 114ms
4 timing config:load:defaults Completed in 13ms
5 timing config:load:file:C:\Program Files\nodejs\node_modules\npm\npmrc Completed in 11ms
6 timing config:load:builtin Completed in 11ms
7 timing config:load:cli Completed in 5ms
8 timing config:load:env Completed in 1ms
9 timing config:load:project Completed in 24ms
10 timing config:load:file:C:\Users\User\.npmrc Completed in 19ms
11 timing config:load:user Completed in 19ms
12 timing config:load:file:C:\Users\User\Desktop\mongodb-queries-lab-Gracepinkie\UsersUserAppDataRoamingnpm\etc\npmrc Completed in 1ms
13 timing config:load:global Completed in 1ms
14 timing config:load:setEnvs Completed in 2ms
15 timing config:load Completed in 78ms
16 timing npm:load:configload Completed in 78ms
17 timing config:load:flatten Completed in 118ms
18 timing npm:load:mkdirpcache Completed in 61ms
19 timing npm:load:mkdirplogs Completed in 36ms
20 verbose title npm prefix
21 verbose argv "prefix" "--global"
22 timing npm:load:setTitle Completed in 27ms
23 timing npm:load:display Completed in 7ms
24 verbose logfile logs-max:10 dir:C:\Users\User\Desktop\mongodb-queries-lab-Gracepinkie\UsersUserAppDataLocalnpm-cache\_logs\2024-07-02T09_47_13_151Z-
25 verbose logfile C:\Users\User\Desktop\mongodb-queries-lab-Gracepinkie\UsersUserAppDataLocalnpm-cache\_logs\2024-07-02T09_47_13_151Z-debug-0.log
26 timing npm:load:logFile Completed in 160ms
27 timing npm:load:timers Completed in 0ms
28 timing npm:load:configScope Completed in 0ms
29 timing npm:load Completed in 874ms
30 timing command:prefix Completed in 16ms
31 verbose exit 0
32 timing npm Completed in 1644ms
33 info ok
